<?xml version="1.0" encoding="UTF-8"?>
<!-- Generated by org.testng.reporters.JUnitReportReporter -->
<testsuite hostname="DESKTOP-1ULGF16" failures="0" tests="2" name="testCases.TC001_AccountRegistrationTest" time="5.388" errors="0" timestamp="2026-01-17T20:02:35 IST" skipped="0">
  <testcase classname="testCases.TC001_AccountRegistrationTest" name="verify_account_registration" time="2.529"/>
  <testcase classname="testCases.TC001_AccountRegistrationTest" name="verify_account_registration" time="2.859"/>
</testsuite> <!-- testCases.TC001_AccountRegistrationTest -->
